<?xml version="1.0" encoding="UTF-8"?>
<!-- Generated by org.testng.reporters.JUnitXMLReporter -->
<testsuite ignored="0" hostname="NandaKumar" failures="0" tests="0" time="0.129" errors="0" timestamp="2025-02-08T03:11:32 IST">
  <testcase classname="parallelEcecutionusingTestNG.MultipleBrowserPArallelExecution" name="@BeforeTest setup" time="0.097">
    <failure type="java.lang.NoSuchMethodError" message="&amp;apos;org.openqa.selenium.manager.SeleniumManagerOutput$Result org.openqa.selenium.manager.SeleniumManager.getDriverPath(org.openqa.selenium.Capabilities, boolean)&amp;apos;">
      <![CDATA[java.lang.NoSuchMethodError: 'org.openqa.selenium.manager.SeleniumManagerOutput$Result org.openqa.selenium.manager.SeleniumManager.getDriverPath(org.openqa.selenium.Capabilities, boolean)'
at org.openqa.selenium.remote.service.DriverFinder.getPath(DriverFinder.java:45)
at org.openqa.selenium.remote.service.DriverFinder.getPath(DriverFinder.java:33)
at org.openqa.selenium.chrome.ChromeDriver.generateExecutor(ChromeDriver.java:99)
at org.openqa.selenium.chrome.ChromeDriver.<init>(ChromeDriver.java:89)
at org.openqa.selenium.chrome.ChromeDriver.<init>(ChromeDriver.java:84)
at org.openqa.selenium.chrome.ChromeDriver.<init>(ChromeDriver.java:52)
at parallelEcecutionusingTestNG.MultipleBrowserPArallelExecution.setup(MultipleBrowserPArallelExecution.java:19)
... Removed 22 stack frames]]>
    </failure>
  </testcase> <!-- @BeforeTest setup -->
</testsuite>
